{
  "numFailedTestSuites": 0,
  "numFailedTests": 0,
  "numPassedTestSuites": 11,
  "numPassedTests": 30,
  "numPendingTestSuites": 0,
  "numPendingTests": 0,
  "numRuntimeErrorTestSuites": 0,
  "numTodoTests": 0,
  "numTotalTestSuites": 11,
  "numTotalTests": 30,
  "openHandles": [],
  "snapshot": {
    "added": 0,
    "didUpdate": false,
    "failure": false,
    "filesAdded": 0,
    "filesRemoved": 0,
    "filesRemovedList": [],
    "filesUnmatched": 0,
    "filesUpdated": 0,
    "matched": 0,
    "total": 0,
    "unchecked": 0,
    "uncheckedKeysByFile": [],
    "unmatched": 0,
    "updated": 0
  },
  "startTime": 1601646345886,
  "success": false,
  "testResults": [
    {
      "failureMessage": null,
      "numFailingTests": 0,
      "numPassingTests": 1,
      "numPendingTests": 0,
      "numTodoTests": 0,
      "perfStats": {
        "end": 1601646353768,
        "start": 1601646349870
      },
      "snapshot": {
        "added": 0,
        "fileDeleted": false,
        "matched": 0,
        "unchecked": 0,
        "unmatched": 0,
        "updated": 0,
        "uncheckedKeys": []
      },
      "testFilePath": "C:\\Users\\Utilisateur\\effervsens\\vue-ninja\\tests\\unit\\composables\\UserService.spec.ts",
      "testResults": [
        {
          "ancestorTitles": [
            "useUserService"
          ],
          "duration": 15,
          "failureMessages": [],
          "fullName": "useUserService should register a user",
          "location": null,
          "numPassingAsserts": 0,
          "status": "passed",
          "title": "should register a user"
        }
      ],
      "skipped": false,
      "leaks": false
    },
    {
      "failureMessage": null,
      "numFailingTests": 0,
      "numPassingTests": 5,
      "numPendingTests": 0,
      "numTodoTests": 0,
      "perfStats": {
        "end": 1601646354416,
        "start": 1601646349847
      },
      "snapshot": {
        "added": 0,
        "fileDeleted": false,
        "matched": 0,
        "unchecked": 0,
        "unmatched": 0,
        "updated": 0,
        "uncheckedKeys": []
      },
      "testFilePath": "C:\\Users\\Utilisateur\\effervsens\\vue-ninja\\tests\\unit\\components\\Navbar.spec.ts",
      "testResults": [
        {
          "ancestorTitles": [
            "Navbar.vue"
          ],
          "duration": 46,
          "failureMessages": [],
          "fullName": "Navbar.vue should have a `navbarCollapsed` field",
          "location": null,
          "numPassingAsserts": 0,
          "status": "passed",
          "title": "should have a `navbarCollapsed` field"
        },
        {
          "ancestorTitles": [
            "Navbar.vue"
          ],
          "duration": 16,
          "failureMessages": [],
          "fullName": "Navbar.vue should have a `toggleNavbar` function",
          "location": null,
          "numPassingAsserts": 0,
          "status": "passed",
          "title": "should have a `toggleNavbar` function"
        },
        {
          "ancestorTitles": [
            "Navbar.vue"
          ],
          "duration": 30,
          "failureMessages": [],
          "fullName": "Navbar.vue should toggle the class on click",
          "location": null,
          "numPassingAsserts": 0,
          "status": "passed",
          "title": "should toggle the class on click"
        },
        {
          "ancestorTitles": [
            "Navbar.vue"
          ],
          "duration": 9,
          "failureMessages": [],
          "fullName": "Navbar.vue should display a link to the home page",
          "location": null,
          "numPassingAsserts": 0,
          "status": "passed",
          "title": "should display a link to the home page"
        },
        {
          "ancestorTitles": [
            "Navbar.vue"
          ],
          "duration": 21,
          "failureMessages": [],
          "fullName": "Navbar.vue should display a link to the races page",
          "location": null,
          "numPassingAsserts": 0,
          "status": "passed",
          "title": "should display a link to the races page"
        }
      ],
      "skipped": false,
      "leaks": false
    },
    {
      "failureMessage": null,
      "numFailingTests": 0,
      "numPassingTests": 3,
      "numPendingTests": 0,
      "numTodoTests": 0,
      "perfStats": {
        "end": 1601646354459,
        "start": 1601646349841
      },
      "snapshot": {
        "added": 0,
        "fileDeleted": false,
        "matched": 0,
        "unchecked": 0,
        "unmatched": 0,
        "updated": 0,
        "uncheckedKeys": []
      },
      "testFilePath": "C:\\Users\\Utilisateur\\effervsens\\vue-ninja\\tests\\unit\\views\\Home.spec.ts",
      "testResults": [
        {
          "ancestorTitles": [
            "Home.vue"
          ],
          "duration": 71,
          "failureMessages": [],
          "fullName": "Home.vue should display every race name in a title",
          "location": null,
          "numPassingAsserts": 0,
          "status": "passed",
          "title": "should display every race name in a title"
        },
        {
          "ancestorTitles": [
            "Home.vue"
          ],
          "duration": 9,
          "failureMessages": [],
          "fullName": "Home.vue display a link to go the races",
          "location": null,
          "numPassingAsserts": 0,
          "status": "passed",
          "title": "display a link to go the races"
        },
        {
          "ancestorTitles": [
            "Home.vue"
          ],
          "duration": 5,
          "failureMessages": [],
          "fullName": "Home.vue display a link to go the register page",
          "location": null,
          "numPassingAsserts": 0,
          "status": "passed",
          "title": "display a link to go the register page"
        }
      ],
      "skipped": false,
      "leaks": false
    },
    {
      "failureMessage": null,
      "numFailingTests": 0,
      "numPassingTests": 1,
      "numPendingTests": 0,
      "numTodoTests": 0,
      "perfStats": {
        "end": 1601646354611,
        "start": 1601646350006
      },
      "snapshot": {
        "added": 0,
        "fileDeleted": false,
        "matched": 0,
        "unchecked": 0,
        "unmatched": 0,
        "updated": 0,
        "uncheckedKeys": []
      },
      "testFilePath": "C:\\Users\\Utilisateur\\effervsens\\vue-ninja\\tests\\unit\\views\\Races.spec.ts",
      "testResults": [
        {
          "ancestorTitles": [
            "Races.vue"
          ],
          "duration": 80,
          "failureMessages": [],
          "fullName": "Races.vue should display every race name in a title",
          "location": null,
          "numPassingAsserts": 0,
          "status": "passed",
          "title": "should display every race name in a title"
        }
      ],
      "skipped": false,
      "leaks": false
    },
    {
      "failureMessage": null,
      "numFailingTests": 0,
      "numPassingTests": 3,
      "numPendingTests": 0,
      "numTodoTests": 0,
      "perfStats": {
        "end": 1601646354659,
        "start": 1601646349927
      },
      "snapshot": {
        "added": 0,
        "fileDeleted": false,
        "matched": 0,
        "unchecked": 0,
        "unmatched": 0,
        "updated": 0,
        "uncheckedKeys": []
      },
      "testFilePath": "C:\\Users\\Utilisateur\\effervsens\\vue-ninja\\tests\\unit\\App.spec.ts",
      "testResults": [
        {
          "ancestorTitles": [
            "App.vue"
          ],
          "duration": 66,
          "failureMessages": [],
          "fullName": "App.vue renders the navbar",
          "location": null,
          "numPassingAsserts": 0,
          "status": "passed",
          "title": "renders the navbar"
        },
        {
          "ancestorTitles": [
            "App.vue"
          ],
          "duration": 55,
          "failureMessages": [],
          "fullName": "App.vue renders the router view inside a Suspense component",
          "location": null,
          "numPassingAsserts": 0,
          "status": "passed",
          "title": "renders the router view inside a Suspense component"
        },
        {
          "ancestorTitles": [
            "App.vue"
          ],
          "duration": 22,
          "failureMessages": [],
          "fullName": "App.vue renders an error if router view does not load",
          "location": null,
          "numPassingAsserts": 0,
          "status": "passed",
          "title": "renders an error if router view does not load"
        }
      ],
      "skipped": false,
      "leaks": false
    },
    {
      "failureMessage": null,
      "numFailingTests": 0,
      "numPassingTests": 1,
      "numPendingTests": 0,
      "numTodoTests": 0,
      "perfStats": {
        "end": 1601646354694,
        "start": 1601646350691
      },
      "snapshot": {
        "added": 0,
        "fileDeleted": false,
        "matched": 0,
        "unchecked": 0,
        "unmatched": 0,
        "updated": 0,
        "uncheckedKeys": []
      },
      "testFilePath": "C:\\Users\\Utilisateur\\effervsens\\vue-ninja\\tests\\unit\\composables\\RaceService.spec.ts",
      "testResults": [
        {
          "ancestorTitles": [
            "useRaceService"
          ],
          "duration": 11,
          "failureMessages": [],
          "fullName": "useRaceService should list races",
          "location": null,
          "numPassingAsserts": 0,
          "status": "passed",
          "title": "should list races"
        }
      ],
      "skipped": false,
      "leaks": false
    },
    {
      "failureMessage": null,
      "numFailingTests": 0,
      "numPassingTests": 9,
      "numPendingTests": 0,
      "numTodoTests": 0,
      "perfStats": {
        "end": 1601646354939,
        "start": 1601646349956
      },
      "snapshot": {
        "added": 0,
        "fileDeleted": false,
        "matched": 0,
        "unchecked": 0,
        "unmatched": 0,
        "updated": 0,
        "uncheckedKeys": []
      },
      "testFilePath": "C:\\Users\\Utilisateur\\effervsens\\vue-ninja\\tests\\unit\\views\\Register.spec.ts",
      "testResults": [
        {
          "ancestorTitles": [
            "Register.vue"
          ],
          "duration": 58,
          "failureMessages": [],
          "fullName": "Register.vue should have a userModel property",
          "location": null,
          "numPassingAsserts": 0,
          "status": "passed",
          "title": "should have a userModel property"
        },
        {
          "ancestorTitles": [
            "Register.vue"
          ],
          "duration": 13,
          "failureMessages": [],
          "fullName": "Register.vue should have an errors computed property",
          "location": null,
          "numPassingAsserts": 0,
          "status": "passed",
          "title": "should have an errors computed property"
        },
        {
          "ancestorTitles": [
            "Register.vue"
          ],
          "duration": 17,
          "failureMessages": [],
          "fullName": "Register.vue should display a form",
          "location": null,
          "numPassingAsserts": 0,
          "status": "passed",
          "title": "should display a form"
        },
        {
          "ancestorTitles": [
            "Register.vue"
          ],
          "duration": 23,
          "failureMessages": [],
          "fullName": "Register.vue should update the dirtiness of a field",
          "location": null,
          "numPassingAsserts": 0,
          "status": "passed",
          "title": "should update the dirtiness of a field"
        },
        {
          "ancestorTitles": [
            "Register.vue"
          ],
          "duration": 37,
          "failureMessages": [],
          "fullName": "Register.vue should display errors for login",
          "location": null,
          "numPassingAsserts": 0,
          "status": "passed",
          "title": "should display errors for login"
        },
        {
          "ancestorTitles": [
            "Register.vue"
          ],
          "duration": 16,
          "failureMessages": [],
          "fullName": "Register.vue should display errors for password",
          "location": null,
          "numPassingAsserts": 0,
          "status": "passed",
          "title": "should display errors for password"
        },
        {
          "ancestorTitles": [
            "Register.vue"
          ],
          "duration": 46,
          "failureMessages": [],
          "fullName": "Register.vue should display errors for birthYear",
          "location": null,
          "numPassingAsserts": 0,
          "status": "passed",
          "title": "should display errors for birthYear"
        },
        {
          "ancestorTitles": [
            "Register.vue"
          ],
          "duration": 11,
          "failureMessages": [],
          "fullName": "Register.vue should call the register function on submit",
          "location": null,
          "numPassingAsserts": 0,
          "status": "passed",
          "title": "should call the register function on submit"
        },
        {
          "ancestorTitles": [
            "Register.vue"
          ],
          "duration": 25,
          "failureMessages": [],
          "fullName": "Register.vue should display an alert on submission failure",
          "location": null,
          "numPassingAsserts": 0,
          "status": "passed",
          "title": "should display an alert on submission failure"
        }
      ],
      "skipped": false,
      "leaks": false
    },
    {
      "failureMessage": null,
      "numFailingTests": 0,
      "numPassingTests": 3,
      "numPendingTests": 0,
      "numTodoTests": 0,
      "perfStats": {
        "end": 1601646355252,
        "start": 1601646354684
      },
      "snapshot": {
        "added": 0,
        "fileDeleted": false,
        "matched": 0,
        "unchecked": 0,
        "unmatched": 0,
        "updated": 0,
        "uncheckedKeys": []
      },
      "testFilePath": "C:\\Users\\Utilisateur\\effervsens\\vue-ninja\\tests\\unit\\components\\Alert.spec.ts",
      "testResults": [
        {
          "ancestorTitles": [
            "Alert.vue"
          ],
          "duration": 26,
          "failureMessages": [],
          "fullName": "Alert.vue should display the alert content",
          "location": null,
          "numPassingAsserts": 0,
          "status": "passed",
          "title": "should display the alert content"
        },
        {
          "ancestorTitles": [
            "Alert.vue"
          ],
          "duration": 11,
          "failureMessages": [],
          "fullName": "Alert.vue should have the correct CSS class",
          "location": null,
          "numPassingAsserts": 0,
          "status": "passed",
          "title": "should have the correct CSS class"
        },
        {
          "ancestorTitles": [
            "Alert.vue"
          ],
          "duration": 13,
          "failureMessages": [],
          "fullName": "Alert.vue should be dismissible",
          "location": null,
          "numPassingAsserts": 0,
          "status": "passed",
          "title": "should be dismissible"
        }
      ],
      "skipped": false,
      "leaks": false
    },
    {
      "failureMessage": null,
      "numFailingTests": 0,
      "numPassingTests": 1,
      "numPendingTests": 0,
      "numTodoTests": 0,
      "perfStats": {
        "end": 1601646355322,
        "start": 1601646354042
      },
      "snapshot": {
        "added": 0,
        "fileDeleted": false,
        "matched": 0,
        "unchecked": 0,
        "unmatched": 0,
        "updated": 0,
        "uncheckedKeys": []
      },
      "testFilePath": "C:\\Users\\Utilisateur\\effervsens\\vue-ninja\\tests\\unit\\components\\Race.spec.ts",
      "testResults": [
        {
          "ancestorTitles": [
            "Race.vue"
          ],
          "duration": 55,
          "failureMessages": [],
          "fullName": "Race.vue should display a race name and its ponies",
          "location": null,
          "numPassingAsserts": 0,
          "status": "passed",
          "title": "should display a race name and its ponies"
        }
      ],
      "skipped": false,
      "leaks": false
    },
    {
      "failureMessage": null,
      "numFailingTests": 0,
      "numPassingTests": 2,
      "numPendingTests": 0,
      "numTodoTests": 0,
      "perfStats": {
        "end": 1601646355368,
        "start": 1601646354914
      },
      "snapshot": {
        "added": 0,
        "fileDeleted": false,
        "matched": 0,
        "unchecked": 0,
        "unmatched": 0,
        "updated": 0,
        "uncheckedKeys": []
      },
      "testFilePath": "C:\\Users\\Utilisateur\\effervsens\\vue-ninja\\tests\\unit\\components\\Pony.spec.ts",
      "testResults": [
        {
          "ancestorTitles": [
            "Pony.vue"
          ],
          "duration": 11,
          "failureMessages": [],
          "fullName": "Pony.vue should display an image and a legend",
          "location": null,
          "numPassingAsserts": 0,
          "status": "passed",
          "title": "should display an image and a legend"
        },
        {
          "ancestorTitles": [
            "Pony.vue"
          ],
          "duration": 9,
          "failureMessages": [],
          "fullName": "Pony.vue should emit an event on click",
          "location": null,
          "numPassingAsserts": 0,
          "status": "passed",
          "title": "should emit an event on click"
        }
      ],
      "skipped": false,
      "leaks": false
    },
    {
      "failureMessage": null,
      "numFailingTests": 0,
      "numPassingTests": 1,
      "numPendingTests": 0,
      "numTodoTests": 0,
      "perfStats": {
        "end": 1601646355458,
        "start": 1601646355161
      },
      "snapshot": {
        "added": 0,
        "fileDeleted": false,
        "matched": 0,
        "unchecked": 0,
        "unmatched": 0,
        "updated": 0,
        "uncheckedKeys": []
      },
      "testFilePath": "C:\\Users\\Utilisateur\\effervsens\\vue-ninja\\tests\\unit\\utils\\FromNow.spec.ts",
      "testResults": [
        {
          "ancestorTitles": [
            "FromNow"
          ],
          "duration": 4,
          "failureMessages": [],
          "fullName": "FromNow should transform a date",
          "location": null,
          "numPassingAsserts": 0,
          "status": "passed",
          "title": "should transform a date"
        }
      ],
      "skipped": false,
      "leaks": false
    }
  ],
  "wasInterrupted": false,
  "coverageMap": {
    "C:\\Users\\Utilisateur\\effervsens\\vue-ninja\\src\\composables\\UserService.ts": {
      "path": "C:\\Users\\Utilisateur\\effervsens\\vue-ninja\\src\\composables\\UserService.ts",
      "statementMap": {
        "0": {
          "start": {
            "line": 2,
            "column": 0
          },
          "end": {
            "line": 2,
            "column": 26
          }
        },
        "1": {
          "start": {
            "line": 5,
            "column": 2
          },
          "end": {
            "line": 10,
            "column": 4
          }
        },
        "2": {
          "start": {
            "line": 7,
            "column": 23
          },
          "end": {
            "line": 7,
            "column": null
          }
        },
        "3": {
          "start": {
            "line": 7,
            "column": 12
          },
          "end": {
            "line": 7,
            "column": null
          }
        },
        "4": {
          "start": {
            "line": 8,
            "column": 6
          },
          "end": {
            "line": 8,
            "column": 27
          }
        },
        "5": {
          "start": {
            "line": 4,
            "column": 0
          },
          "end": {
            "line": 4,
            "column": 16
          }
        }
      },
      "fnMap": {
        "0": {
          "name": "useUserService",
          "decl": {
            "start": {
              "line": 4,
              "column": 16
            },
            "end": {
              "line": 4,
              "column": 30
            }
          },
          "loc": {
            "start": {
              "line": 4,
              "column": 30
            },
            "end": {
              "line": 11,
              "column": 1
            }
          }
        },
        "1": {
          "name": "(anonymous_1)",
          "decl": {
            "start": {
              "line": 6,
              "column": 4
            },
            "end": {
              "line": 6,
              "column": 10
            }
          },
          "loc": {
            "start": {
              "line": 6,
              "column": 34
            },
            "end": {
              "line": 9,
              "column": null
            }
          }
        }
      },
      "branchMap": {
        "0": {
          "loc": {
            "start": {
              "line": 7,
              "column": 23
            },
            "end": {
              "line": 7,
              "column": null
            }
          },
          "type": "switch",
          "locations": [
            {
              "start": {
                "line": 7,
                "column": 23
              },
              "end": {
                "line": 7,
                "column": null
              }
            }
          ]
        }
      },
      "s": {
        "0": 1,
        "1": 1,
        "2": 1,
        "3": 1,
        "4": 1,
        "5": 1
      },
      "f": {
        "0": 1,
        "1": 1
      },
      "b": {
        "0": [
          1
        ]
      }
    },
    "C:\\Users\\Utilisateur\\effervsens\\vue-ninja\\src\\components\\Navbar.vue": {
      "path": "C:\\Users\\Utilisateur\\effervsens\\vue-ninja\\src\\components\\Navbar.vue",
      "statementMap": {
        "0": {
          "start": {
            "line": 2,
            "column": 0
          },
          "end": {
            "line": 2,
            "column": null
          }
        },
        "1": {
          "start": {
            "line": 4,
            "column": 0
          },
          "end": {
            "line": 4,
            "column": null
          }
        },
        "2": {
          "start": {
            "line": 7,
            "column": 0
          },
          "end": {
            "line": 7,
            "column": null
          }
        },
        "3": {
          "start": {
            "line": 9,
            "column": 0
          },
          "end": {
            "line": 9,
            "column": null
          }
        },
        "4": {
          "start": {
            "line": 11,
            "column": 0
          },
          "end": {
            "line": 11,
            "column": null
          }
        }
      },
      "fnMap": {
        "0": {
          "name": "(anonymous_0)",
          "decl": {
            "start": {
              "line": 6,
              "column": 0
            },
            "end": {
              "line": 6,
              "column": null
            }
          },
          "loc": {
            "start": {
              "line": 6,
              "column": 0
            },
            "end": {
              "line": 12,
              "column": null
            }
          }
        },
        "1": {
          "name": "toggleNavbar",
          "decl": {
            "start": {
              "line": 8,
              "column": 0
            },
            "end": {
              "line": 8,
              "column": null
            }
          },
          "loc": {
            "start": {
              "line": 8,
              "column": 0
            },
            "end": {
              "line": 10,
              "column": null
            }
          }
        }
      },
      "branchMap": {},
      "s": {
        "0": 2,
        "1": 2,
        "2": 8,
        "3": 3,
        "4": 8
      },
      "f": {
        "0": 8,
        "1": 3
      },
      "b": {}
    },
    "C:\\Users\\Utilisateur\\effervsens\\vue-ninja\\src\\views\\Home.vue": {
      "path": "C:\\Users\\Utilisateur\\effervsens\\vue-ninja\\src\\views\\Home.vue",
      "statementMap": {
        "0": {
          "start": {
            "line": 2,
            "column": 0
          },
          "end": {
            "line": 2,
            "column": null
          }
        },
        "1": {
          "start": {
            "line": 3,
            "column": 0
          },
          "end": {
            "line": 3,
            "column": null
          }
        }
      },
      "fnMap": {},
      "branchMap": {},
      "s": {
        "0": 1,
        "1": 1
      },
      "f": {},
      "b": {}
    },
    "C:\\Users\\Utilisateur\\effervsens\\vue-ninja\\src\\views\\Races.vue": {
      "path": "C:\\Users\\Utilisateur\\effervsens\\vue-ninja\\src\\views\\Races.vue",
      "statementMap": {
        "0": {
          "start": {
            "line": 2,
            "column": 0
          },
          "end": {
            "line": 2,
            "column": null
          }
        },
        "1": {
          "start": {
            "line": 4,
            "column": 0
          },
          "end": {
            "line": 4,
            "column": null
          }
        },
        "2": {
          "start": {
            "line": 5,
            "column": 0
          },
          "end": {
            "line": 5,
            "column": null
          }
        },
        "3": {
          "start": {
            "line": 7,
            "column": 0
          },
          "end": {
            "line": 7,
            "column": null
          }
        },
        "4": {
          "start": {
            "line": 15,
            "column": 0
          },
          "end": {
            "line": 15,
            "column": null
          }
        },
        "5": {
          "start": {
            "line": 16,
            "column": 0
          },
          "end": {
            "line": 16,
            "column": null
          }
        },
        "6": {
          "start": {
            "line": 17,
            "column": 0
          },
          "end": {
            "line": 17,
            "column": null
          }
        },
        "7": {
          "start": {
            "line": 18,
            "column": 0
          },
          "end": {
            "line": 18,
            "column": null
          }
        }
      },
      "fnMap": {
        "0": {
          "name": "(anonymous_0)",
          "decl": {
            "start": {
              "line": 14,
              "column": 0
            },
            "end": {
              "line": 14,
              "column": null
            }
          },
          "loc": {
            "start": {
              "line": 14,
              "column": 0
            },
            "end": {
              "line": 21,
              "column": null
            }
          }
        }
      },
      "branchMap": {},
      "s": {
        "0": 1,
        "1": 1,
        "2": 1,
        "3": 1,
        "4": 1,
        "5": 1,
        "6": 3,
        "7": 1
      },
      "f": {
        "0": 1
      },
      "b": {}
    },
    "C:\\Users\\Utilisateur\\effervsens\\vue-ninja\\src\\components\\Race.vue": {
      "path": "C:\\Users\\Utilisateur\\effervsens\\vue-ninja\\src\\components\\Race.vue",
      "statementMap": {
        "0": {
          "start": {
            "line": 2,
            "column": 0
          },
          "end": {
            "line": 2,
            "column": null
          }
        },
        "1": {
          "start": {
            "line": 4,
            "column": 0
          },
          "end": {
            "line": 4,
            "column": null
          }
        },
        "2": {
          "start": {
            "line": 5,
            "column": 0
          },
          "end": {
            "line": 5,
            "column": null
          }
        },
        "3": {
          "start": {
            "line": 7,
            "column": 0
          },
          "end": {
            "line": 7,
            "column": null
          }
        },
        "4": {
          "start": {
            "line": 19,
            "column": 0
          },
          "end": {
            "line": 19,
            "column": null
          }
        },
        "5": {
          "start": {
            "line": 20,
            "column": 0
          },
          "end": {
            "line": 20,
            "column": null
          }
        }
      },
      "fnMap": {
        "0": {
          "name": "(anonymous_0)",
          "decl": {
            "start": {
              "line": 18,
              "column": 0
            },
            "end": {
              "line": 18,
              "column": null
            }
          },
          "loc": {
            "start": {
              "line": 18,
              "column": 0
            },
            "end": {
              "line": 21,
              "column": null
            }
          }
        },
        "1": {
          "name": "(anonymous_1)",
          "decl": {
            "start": {
              "line": 19,
              "column": 0
            },
            "end": {
              "line": 19,
              "column": null
            }
          },
          "loc": {
            "start": {
              "line": 19,
              "column": 0
            },
            "end": {
              "line": 19,
              "column": null
            }
          }
        }
      },
      "branchMap": {},
      "s": {
        "0": 2,
        "1": 2,
        "2": 2,
        "3": 2,
        "4": 6,
        "5": 3
      },
      "f": {
        "0": 3,
        "1": 3
      },
      "b": {}
    },
    "C:\\Users\\Utilisateur\\effervsens\\vue-ninja\\src\\components\\Pony.vue": {
      "path": "C:\\Users\\Utilisateur\\effervsens\\vue-ninja\\src\\components\\Pony.vue",
      "statementMap": {
        "0": {
          "start": {
            "line": 2,
            "column": 0
          },
          "end": {
            "line": 2,
            "column": null
          }
        },
        "1": {
          "start": {
            "line": 4,
            "column": 0
          },
          "end": {
            "line": 4,
            "column": null
          }
        },
        "2": {
          "start": {
            "line": 15,
            "column": 0
          },
          "end": {
            "line": 15,
            "column": null
          }
        },
        "3": {
          "start": {
            "line": 19,
            "column": 0
          },
          "end": {
            "line": 21,
            "column": null
          }
        },
        "4": {
          "start": {
            "line": 20,
            "column": 0
          },
          "end": {
            "line": 20,
            "column": null
          }
        },
        "5": {
          "start": {
            "line": 23,
            "column": 0
          },
          "end": {
            "line": 23,
            "column": null
          }
        },
        "6": {
          "start": {
            "line": 25,
            "column": 0
          },
          "end": {
            "line": 25,
            "column": null
          }
        }
      },
      "fnMap": {
        "0": {
          "name": "(anonymous_0)",
          "decl": {
            "start": {
              "line": 15,
              "column": 0
            },
            "end": {
              "line": 15,
              "column": null
            }
          },
          "loc": {
            "start": {
              "line": 15,
              "column": 0
            },
            "end": {
              "line": 15,
              "column": null
            }
          }
        },
        "1": {
          "name": "(anonymous_1)",
          "decl": {
            "start": {
              "line": 18,
              "column": 0
            },
            "end": {
              "line": 18,
              "column": null
            }
          },
          "loc": {
            "start": {
              "line": 18,
              "column": 0
            },
            "end": {
              "line": 29,
              "column": null
            }
          }
        },
        "2": {
          "name": "(anonymous_2)",
          "decl": {
            "start": {
              "line": 19,
              "column": 0
            },
            "end": {
              "line": 19,
              "column": null
            }
          },
          "loc": {
            "start": {
              "line": 19,
              "column": 0
            },
            "end": {
              "line": 21,
              "column": null
            }
          }
        },
        "3": {
          "name": "clicked",
          "decl": {
            "start": {
              "line": 22,
              "column": 0
            },
            "end": {
              "line": 22,
              "column": null
            }
          },
          "loc": {
            "start": {
              "line": 22,
              "column": 0
            },
            "end": {
              "line": 24,
              "column": null
            }
          }
        }
      },
      "branchMap": {},
      "s": {
        "0": 3,
        "1": 3,
        "2": 1,
        "3": 7,
        "4": 7,
        "5": 1,
        "6": 7
      },
      "f": {
        "0": 1,
        "1": 7,
        "2": 7,
        "3": 1
      },
      "b": {}
    },
    "C:\\Users\\Utilisateur\\effervsens\\vue-ninja\\src\\utils\\FromNow.ts": {
      "path": "C:\\Users\\Utilisateur\\effervsens\\vue-ninja\\src\\utils\\FromNow.ts",
      "statementMap": {
        "0": {
          "start": {
            "line": 1,
            "column": 0
          },
          "end": {
            "line": 1,
            "column": 28
          }
        },
        "1": {
          "start": {
            "line": 4,
            "column": 2
          },
          "end": {
            "line": 4,
            "column": 42
          }
        },
        "2": {
          "start": {
            "line": 3,
            "column": 0
          },
          "end": {
            "line": 3,
            "column": 24
          }
        }
      },
      "fnMap": {
        "0": {
          "name": "fromNow",
          "decl": {
            "start": {
              "line": 3,
              "column": 24
            },
            "end": {
              "line": 3,
              "column": 31
            }
          },
          "loc": {
            "start": {
              "line": 3,
              "column": 54
            },
            "end": {
              "line": 5,
              "column": 1
            }
          }
        }
      },
      "branchMap": {},
      "s": {
        "0": 3,
        "1": 4,
        "2": 3
      },
      "f": {
        "0": 4
      },
      "b": {}
    },
    "C:\\Users\\Utilisateur\\effervsens\\vue-ninja\\src\\App.vue": {
      "path": "C:\\Users\\Utilisateur\\effervsens\\vue-ninja\\src\\App.vue",
      "statementMap": {
        "0": {
          "start": {
            "line": 2,
            "column": 0
          },
          "end": {
            "line": 2,
            "column": null
          }
        },
        "1": {
          "start": {
            "line": 3,
            "column": 0
          },
          "end": {
            "line": 3,
            "column": null
          }
        },
        "2": {
          "start": {
            "line": 4,
            "column": 0
          },
          "end": {
            "line": 4,
            "column": null
          }
        },
        "3": {
          "start": {
            "line": 11,
            "column": 0
          },
          "end": {
            "line": 11,
            "column": null
          }
        },
        "4": {
          "start": {
            "line": 12,
            "column": 0
          },
          "end": {
            "line": 15,
            "column": null
          }
        },
        "5": {
          "start": {
            "line": 13,
            "column": 0
          },
          "end": {
            "line": 13,
            "column": null
          }
        },
        "6": {
          "start": {
            "line": 14,
            "column": 0
          },
          "end": {
            "line": 14,
            "column": null
          }
        },
        "7": {
          "start": {
            "line": 16,
            "column": 0
          },
          "end": {
            "line": 16,
            "column": null
          }
        }
      },
      "fnMap": {
        "0": {
          "name": "(anonymous_0)",
          "decl": {
            "start": {
              "line": 10,
              "column": 0
            },
            "end": {
              "line": 10,
              "column": null
            }
          },
          "loc": {
            "start": {
              "line": 10,
              "column": 0
            },
            "end": {
              "line": 17,
              "column": null
            }
          }
        },
        "1": {
          "name": "(anonymous_1)",
          "decl": {
            "start": {
              "line": 12,
              "column": 0
            },
            "end": {
              "line": 12,
              "column": null
            }
          },
          "loc": {
            "start": {
              "line": 12,
              "column": 0
            },
            "end": {
              "line": 15,
              "column": null
            }
          }
        }
      },
      "branchMap": {},
      "s": {
        "0": 1,
        "1": 1,
        "2": 1,
        "3": 3,
        "4": 3,
        "5": 2,
        "6": 2,
        "7": 3
      },
      "f": {
        "0": 3,
        "1": 2
      },
      "b": {}
    },
    "C:\\Users\\Utilisateur\\effervsens\\vue-ninja\\src\\components\\Alert.vue": {
      "path": "C:\\Users\\Utilisateur\\effervsens\\vue-ninja\\src\\components\\Alert.vue",
      "statementMap": {
        "0": {
          "start": {
            "line": 2,
            "column": 0
          },
          "end": {
            "line": 2,
            "column": null
          }
        },
        "1": {
          "start": {
            "line": 3,
            "column": 0
          },
          "end": {
            "line": 3,
            "column": null
          }
        },
        "2": {
          "start": {
            "line": 16,
            "column": 0
          },
          "end": {
            "line": 16,
            "column": null
          }
        },
        "3": {
          "start": {
            "line": 20,
            "column": 0
          },
          "end": {
            "line": 20,
            "column": null
          }
        },
        "4": {
          "start": {
            "line": 22,
            "column": 0
          },
          "end": {
            "line": 24,
            "column": null
          }
        },
        "5": {
          "start": {
            "line": 23,
            "column": 0
          },
          "end": {
            "line": 23,
            "column": null
          }
        },
        "6": {
          "start": {
            "line": 25,
            "column": 0
          },
          "end": {
            "line": 25,
            "column": null
          }
        }
      },
      "fnMap": {
        "0": {
          "name": "(anonymous_0)",
          "decl": {
            "start": {
              "line": 16,
              "column": 0
            },
            "end": {
              "line": 16,
              "column": null
            }
          },
          "loc": {
            "start": {
              "line": 16,
              "column": 0
            },
            "end": {
              "line": 16,
              "column": null
            }
          }
        },
        "1": {
          "name": "(anonymous_1)",
          "decl": {
            "start": {
              "line": 18,
              "column": 0
            },
            "end": {
              "line": 18,
              "column": null
            }
          },
          "loc": {
            "start": {
              "line": 18,
              "column": 0
            },
            "end": {
              "line": 29,
              "column": null
            }
          }
        },
        "2": {
          "name": "dismiss",
          "decl": {
            "start": {
              "line": 19,
              "column": 0
            },
            "end": {
              "line": 19,
              "column": null
            }
          },
          "loc": {
            "start": {
              "line": 19,
              "column": 0
            },
            "end": {
              "line": 21,
              "column": null
            }
          }
        },
        "3": {
          "name": "(anonymous_3)",
          "decl": {
            "start": {
              "line": 22,
              "column": 0
            },
            "end": {
              "line": 22,
              "column": null
            }
          },
          "loc": {
            "start": {
              "line": 22,
              "column": 0
            },
            "end": {
              "line": 24,
              "column": null
            }
          }
        }
      },
      "branchMap": {},
      "s": {
        "0": 3,
        "1": 3,
        "2": 2,
        "3": 2,
        "4": 4,
        "5": 5,
        "6": 4
      },
      "f": {
        "0": 2,
        "1": 4,
        "2": 2,
        "3": 5
      },
      "b": {}
    },
    "C:\\Users\\Utilisateur\\effervsens\\vue-ninja\\src\\composables\\RaceService.ts": {
      "path": "C:\\Users\\Utilisateur\\effervsens\\vue-ninja\\src\\composables\\RaceService.ts",
      "statementMap": {
        "0": {
          "start": {
            "line": 2,
            "column": 0
          },
          "end": {
            "line": 2,
            "column": 26
          }
        },
        "1": {
          "start": {
            "line": 5,
            "column": 2
          },
          "end": {
            "line": 11,
            "column": 4
          }
        },
        "2": {
          "start": {
            "line": 7,
            "column": 12
          },
          "end": {
            "line": 7,
            "column": 43
          }
        },
        "3": {
          "start": {
            "line": 8,
            "column": 23
          },
          "end": {
            "line": 8,
            "column": null
          }
        },
        "4": {
          "start": {
            "line": 8,
            "column": 12
          },
          "end": {
            "line": 8,
            "column": null
          }
        },
        "5": {
          "start": {
            "line": 9,
            "column": 6
          },
          "end": {
            "line": 9,
            "column": 44
          }
        },
        "6": {
          "start": {
            "line": 4,
            "column": 0
          },
          "end": {
            "line": 4,
            "column": 16
          }
        }
      },
      "fnMap": {
        "0": {
          "name": "useRaceService",
          "decl": {
            "start": {
              "line": 4,
              "column": 16
            },
            "end": {
              "line": 4,
              "column": 30
            }
          },
          "loc": {
            "start": {
              "line": 4,
              "column": 30
            },
            "end": {
              "line": 12,
              "column": 1
            }
          }
        },
        "1": {
          "name": "(anonymous_1)",
          "decl": {
            "start": {
              "line": 6,
              "column": 4
            },
            "end": {
              "line": 6,
              "column": 10
            }
          },
          "loc": {
            "start": {
              "line": 6,
              "column": 4
            },
            "end": {
              "line": 10,
              "column": null
            }
          }
        }
      },
      "branchMap": {},
      "s": {
        "0": 1,
        "1": 1,
        "2": 1,
        "3": 1,
        "4": 1,
        "5": 1,
        "6": 1
      },
      "f": {
        "0": 1,
        "1": 1
      },
      "b": {}
    },
    "C:\\Users\\Utilisateur\\effervsens\\vue-ninja\\src\\views\\Register.vue": {
      "path": "C:\\Users\\Utilisateur\\effervsens\\vue-ninja\\src\\views\\Register.vue",
      "statementMap": {
        "0": {
          "start": {
            "line": 3,
            "column": 0
          },
          "end": {
            "line": 3,
            "column": null
          }
        },
        "1": {
          "start": {
            "line": 4,
            "column": 0
          },
          "end": {
            "line": 4,
            "column": null
          }
        },
        "2": {
          "start": {
            "line": 5,
            "column": 0
          },
          "end": {
            "line": 5,
            "column": null
          }
        },
        "3": {
          "start": {
            "line": 6,
            "column": 0
          },
          "end": {
            "line": 6,
            "column": null
          }
        },
        "4": {
          "start": {
            "line": 9,
            "column": 0
          },
          "end": {
            "line": 9,
            "column": null
          }
        },
        "5": {
          "start": {
            "line": 15,
            "column": 0
          },
          "end": {
            "line": 28,
            "column": null
          }
        },
        "6": {
          "start": {
            "line": 16,
            "column": 0
          },
          "end": {
            "line": 16,
            "column": null
          }
        },
        "7": {
          "start": {
            "line": 18,
            "column": 0
          },
          "end": {
            "line": 20,
            "column": null
          }
        },
        "8": {
          "start": {
            "line": 19,
            "column": 0
          },
          "end": {
            "line": 19,
            "column": null
          }
        },
        "9": {
          "start": {
            "line": 21,
            "column": 0
          },
          "end": {
            "line": 23,
            "column": null
          }
        },
        "10": {
          "start": {
            "line": 22,
            "column": 0
          },
          "end": {
            "line": 22,
            "column": null
          }
        },
        "11": {
          "start": {
            "line": 24,
            "column": 0
          },
          "end": {
            "line": 26,
            "column": null
          }
        },
        "12": {
          "start": {
            "line": 25,
            "column": 0
          },
          "end": {
            "line": 25,
            "column": null
          }
        },
        "13": {
          "start": {
            "line": 27,
            "column": 0
          },
          "end": {
            "line": 27,
            "column": null
          }
        },
        "14": {
          "start": {
            "line": 30,
            "column": 0
          },
          "end": {
            "line": 30,
            "column": null
          }
        },
        "15": {
          "start": {
            "line": 36,
            "column": 0
          },
          "end": {
            "line": 36,
            "column": null
          }
        },
        "16": {
          "start": {
            "line": 37,
            "column": 0
          },
          "end": {
            "line": 37,
            "column": null
          }
        },
        "17": {
          "start": {
            "line": 38,
            "column": 0
          },
          "end": {
            "line": 38,
            "column": null
          }
        },
        "18": {
          "start": {
            "line": 42,
            "column": 0
          },
          "end": {
            "line": 42,
            "column": null
          }
        },
        "19": {
          "start": {
            "line": 43,
            "column": 0
          },
          "end": {
            "line": 43,
            "column": null
          }
        },
        "20": {
          "start": {
            "line": 45,
            "column": 0
          },
          "end": {
            "line": 45,
            "column": null
          }
        },
        "21": {
          "start": {
            "line": 49,
            "column": 0
          },
          "end": {
            "line": 49,
            "column": null
          }
        }
      },
      "fnMap": {
        "0": {
          "name": "(anonymous_0)",
          "decl": {
            "start": {
              "line": 8,
              "column": 0
            },
            "end": {
              "line": 8,
              "column": null
            }
          },
          "loc": {
            "start": {
              "line": 8,
              "column": 0
            },
            "end": {
              "line": 56,
              "column": null
            }
          }
        },
        "1": {
          "name": "(anonymous_1)",
          "decl": {
            "start": {
              "line": 15,
              "column": 0
            },
            "end": {
              "line": 15,
              "column": null
            }
          },
          "loc": {
            "start": {
              "line": 15,
              "column": 0
            },
            "end": {
              "line": 28,
              "column": null
            }
          }
        },
        "2": {
          "name": "register",
          "decl": {
            "start": {
              "line": 40,
              "column": 0
            },
            "end": {
              "line": 40,
              "column": null
            }
          },
          "loc": {
            "start": {
              "line": 40,
              "column": 0
            },
            "end": {
              "line": 47,
              "column": null
            }
          }
        }
      },
      "branchMap": {
        "0": {
          "loc": {
            "start": {
              "line": 18,
              "column": 0
            },
            "end": {
              "line": 20,
              "column": null
            }
          },
          "type": "if",
          "locations": [
            {
              "start": {
                "line": 18,
                "column": 0
              },
              "end": {
                "line": 20,
                "column": null
              }
            },
            {
              "start": {
                "line": 18,
                "column": 0
              },
              "end": {
                "line": 20,
                "column": null
              }
            }
          ]
        },
        "1": {
          "loc": {
            "start": {
              "line": 21,
              "column": 0
            },
            "end": {
              "line": 23,
              "column": null
            }
          },
          "type": "if",
          "locations": [
            {
              "start": {
                "line": 21,
                "column": 0
              },
              "end": {
                "line": 23,
                "column": null
              }
            },
            {
              "start": {
                "line": 21,
                "column": 0
              },
              "end": {
                "line": 23,
                "column": null
              }
            }
          ]
        },
        "2": {
          "loc": {
            "start": {
              "line": 24,
              "column": 0
            },
            "end": {
              "line": 26,
              "column": null
            }
          },
          "type": "if",
          "locations": [
            {
              "start": {
                "line": 24,
                "column": 0
              },
              "end": {
                "line": 26,
                "column": null
              }
            },
            {
              "start": {
                "line": 24,
                "column": 0
              },
              "end": {
                "line": 26,
                "column": null
              }
            }
          ]
        }
      },
      "s": {
        "0": 1,
        "1": 1,
        "2": 1,
        "3": 1,
        "4": 9,
        "5": 9,
        "6": 20,
        "7": 20,
        "8": 17,
        "9": 20,
        "10": 17,
        "11": 20,
        "12": 2,
        "13": 20,
        "14": 9,
        "15": 9,
        "16": 9,
        "17": 9,
        "18": 4,
        "19": 1,
        "20": 1,
        "21": 9
      },
      "f": {
        "0": 9,
        "1": 20,
        "2": 2
      },
      "b": {
        "0": [
          17,
          3
        ],
        "1": [
          17,
          3
        ],
        "2": [
          2,
          18
        ]
      }
    }
  }
}