{
  "numFailedTestSuites": 0,
  "numFailedTests": 0,
  "numPassedTestSuites": 9,
  "numPassedTests": 19,
  "numPendingTestSuites": 0,
  "numPendingTests": 0,
  "numRuntimeErrorTestSuites": 0,
  "numTodoTests": 0,
  "numTotalTestSuites": 9,
  "numTotalTests": 19,
  "openHandles": [],
  "snapshot": {
    "added": 0,
    "didUpdate": false,
    "failure": false,
    "filesAdded": 0,
    "filesRemoved": 0,
    "filesRemovedList": [],
    "filesUnmatched": 0,
    "filesUpdated": 0,
    "matched": 0,
    "total": 0,
    "unchecked": 0,
    "uncheckedKeysByFile": [],
    "unmatched": 0,
    "updated": 0
  },
  "startTime": 1601612280961,
  "success": false,
  "testResults": [
    {
      "failureMessage": null,
      "numFailingTests": 0,
      "numPassingTests": 3,
      "numPendingTests": 0,
      "numTodoTests": 0,
      "perfStats": {
        "end": 1601612304096,
        "start": 1601612291432
      },
      "snapshot": {
        "added": 0,
        "fileDeleted": false,
        "matched": 0,
        "unchecked": 0,
        "unmatched": 0,
        "updated": 0,
        "uncheckedKeys": []
      },
      "testFilePath": "C:\\Users\\REMI-CHRISTINE\\effervsens\\vueNinja\\exercice0\\ponyracer\\tests\\unit\\components\\Alert.spec.ts",
      "testResults": [
        {
          "ancestorTitles": [
            "Alert.vue"
          ],
          "duration": 198,
          "failureMessages": [],
          "fullName": "Alert.vue should display the alert content",
          "location": null,
          "numPassingAsserts": 0,
          "status": "passed",
          "title": "should display the alert content"
        },
        {
          "ancestorTitles": [
            "Alert.vue"
          ],
          "duration": 58,
          "failureMessages": [],
          "fullName": "Alert.vue should have the correct CSS class",
          "location": null,
          "numPassingAsserts": 0,
          "status": "passed",
          "title": "should have the correct CSS class"
        },
        {
          "ancestorTitles": [
            "Alert.vue"
          ],
          "duration": 63,
          "failureMessages": [],
          "fullName": "Alert.vue should be dismissible",
          "location": null,
          "numPassingAsserts": 0,
          "status": "passed",
          "title": "should be dismissible"
        }
      ],
      "skipped": false,
      "leaks": false
    },
    {
      "failureMessage": null,
      "numFailingTests": 0,
      "numPassingTests": 3,
      "numPendingTests": 0,
      "numTodoTests": 0,
      "perfStats": {
        "end": 1601612304309,
        "start": 1601612291208
      },
      "snapshot": {
        "added": 0,
        "fileDeleted": false,
        "matched": 0,
        "unchecked": 0,
        "unmatched": 0,
        "updated": 0,
        "uncheckedKeys": []
      },
      "testFilePath": "C:\\Users\\REMI-CHRISTINE\\effervsens\\vueNinja\\exercice0\\ponyracer\\tests\\unit\\App.spec.ts",
      "testResults": [
        {
          "ancestorTitles": [
            "App.vue"
          ],
          "duration": 146,
          "failureMessages": [],
          "fullName": "App.vue renders the navbar",
          "location": null,
          "numPassingAsserts": 0,
          "status": "passed",
          "title": "renders the navbar"
        },
        {
          "ancestorTitles": [
            "App.vue"
          ],
          "duration": 134,
          "failureMessages": [],
          "fullName": "App.vue renders the router view inside a Suspense component",
          "location": null,
          "numPassingAsserts": 0,
          "status": "passed",
          "title": "renders the router view inside a Suspense component"
        },
        {
          "ancestorTitles": [
            "App.vue"
          ],
          "duration": 97,
          "failureMessages": [],
          "fullName": "App.vue renders an error if router view does not load",
          "location": null,
          "numPassingAsserts": 0,
          "status": "passed",
          "title": "renders an error if router view does not load"
        }
      ],
      "skipped": false,
      "leaks": false
    },
    {
      "failureMessage": null,
      "numFailingTests": 0,
      "numPassingTests": 1,
      "numPendingTests": 0,
      "numTodoTests": 0,
      "perfStats": {
        "end": 1601612304475,
        "start": 1601612291276
      },
      "snapshot": {
        "added": 0,
        "fileDeleted": false,
        "matched": 0,
        "unchecked": 0,
        "unmatched": 0,
        "updated": 0,
        "uncheckedKeys": []
      },
      "testFilePath": "C:\\Users\\REMI-CHRISTINE\\effervsens\\vueNinja\\exercice0\\ponyracer\\tests\\unit\\views\\Races.spec.ts",
      "testResults": [
        {
          "ancestorTitles": [
            "Races.vue"
          ],
          "duration": 347,
          "failureMessages": [],
          "fullName": "Races.vue should display every race name in a title",
          "location": null,
          "numPassingAsserts": 0,
          "status": "passed",
          "title": "should display every race name in a title"
        }
      ],
      "skipped": false,
      "leaks": false
    },
    {
      "failureMessage": null,
      "numFailingTests": 0,
      "numPassingTests": 1,
      "numPendingTests": 0,
      "numTodoTests": 0,
      "perfStats": {
        "end": 1601612306650,
        "start": 1601612304818
      },
      "snapshot": {
        "added": 0,
        "fileDeleted": false,
        "matched": 0,
        "unchecked": 0,
        "unmatched": 0,
        "updated": 0,
        "uncheckedKeys": []
      },
      "testFilePath": "C:\\Users\\REMI-CHRISTINE\\effervsens\\vueNinja\\exercice0\\ponyracer\\tests\\unit\\composables\\RaceService.spec.ts",
      "testResults": [
        {
          "ancestorTitles": [
            "useRaceService"
          ],
          "duration": 22,
          "failureMessages": [],
          "fullName": "useRaceService should list races",
          "location": null,
          "numPassingAsserts": 0,
          "status": "passed",
          "title": "should list races"
        }
      ],
      "skipped": false,
      "leaks": false
    },
    {
      "failureMessage": null,
      "numFailingTests": 0,
      "numPassingTests": 5,
      "numPendingTests": 0,
      "numTodoTests": 0,
      "perfStats": {
        "end": 1601612308946,
        "start": 1601612306502
      },
      "snapshot": {
        "added": 0,
        "fileDeleted": false,
        "matched": 0,
        "unchecked": 0,
        "unmatched": 0,
        "updated": 0,
        "uncheckedKeys": []
      },
      "testFilePath": "C:\\Users\\REMI-CHRISTINE\\effervsens\\vueNinja\\exercice0\\ponyracer\\tests\\unit\\components\\Navbar.spec.ts",
      "testResults": [
        {
          "ancestorTitles": [
            "Navbar.vue"
          ],
          "duration": 81,
          "failureMessages": [],
          "fullName": "Navbar.vue should have a `navbarCollapsed` field",
          "location": null,
          "numPassingAsserts": 0,
          "status": "passed",
          "title": "should have a `navbarCollapsed` field"
        },
        {
          "ancestorTitles": [
            "Navbar.vue"
          ],
          "duration": 59,
          "failureMessages": [],
          "fullName": "Navbar.vue should have a `toggleNavbar` function",
          "location": null,
          "numPassingAsserts": 0,
          "status": "passed",
          "title": "should have a `toggleNavbar` function"
        },
        {
          "ancestorTitles": [
            "Navbar.vue"
          ],
          "duration": 115,
          "failureMessages": [],
          "fullName": "Navbar.vue should toggle the class on click",
          "location": null,
          "numPassingAsserts": 0,
          "status": "passed",
          "title": "should toggle the class on click"
        },
        {
          "ancestorTitles": [
            "Navbar.vue"
          ],
          "duration": 31,
          "failureMessages": [],
          "fullName": "Navbar.vue should display a link to the home page",
          "location": null,
          "numPassingAsserts": 0,
          "status": "passed",
          "title": "should display a link to the home page"
        },
        {
          "ancestorTitles": [
            "Navbar.vue"
          ],
          "duration": 45,
          "failureMessages": [],
          "fullName": "Navbar.vue should display a link to the races page",
          "location": null,
          "numPassingAsserts": 0,
          "status": "passed",
          "title": "should display a link to the races page"
        }
      ],
      "skipped": false,
      "leaks": false
    },
    {
      "failureMessage": null,
      "numFailingTests": 0,
      "numPassingTests": 2,
      "numPendingTests": 0,
      "numTodoTests": 0,
      "perfStats": {
        "end": 1601612309756,
        "start": 1601612307536
      },
      "snapshot": {
        "added": 0,
        "fileDeleted": false,
        "matched": 0,
        "unchecked": 0,
        "unmatched": 0,
        "updated": 0,
        "uncheckedKeys": []
      },
      "testFilePath": "C:\\Users\\REMI-CHRISTINE\\effervsens\\vueNinja\\exercice0\\ponyracer\\tests\\unit\\components\\Pony.spec.ts",
      "testResults": [
        {
          "ancestorTitles": [
            "Pony.vue"
          ],
          "duration": 111,
          "failureMessages": [],
          "fullName": "Pony.vue should display an image and a legend",
          "location": null,
          "numPassingAsserts": 0,
          "status": "passed",
          "title": "should display an image and a legend"
        },
        {
          "ancestorTitles": [
            "Pony.vue"
          ],
          "duration": 33,
          "failureMessages": [],
          "fullName": "Pony.vue should emit an event on click",
          "location": null,
          "numPassingAsserts": 0,
          "status": "passed",
          "title": "should emit an event on click"
        }
      ],
      "skipped": false,
      "leaks": false
    },
    {
      "failureMessage": null,
      "numFailingTests": 0,
      "numPassingTests": 1,
      "numPendingTests": 0,
      "numTodoTests": 0,
      "perfStats": {
        "end": 1601612312709,
        "start": 1601612309956
      },
      "snapshot": {
        "added": 0,
        "fileDeleted": false,
        "matched": 0,
        "unchecked": 0,
        "unmatched": 0,
        "updated": 0,
        "uncheckedKeys": []
      },
      "testFilePath": "C:\\Users\\REMI-CHRISTINE\\effervsens\\vueNinja\\exercice0\\ponyracer\\tests\\unit\\components\\Race.spec.ts",
      "testResults": [
        {
          "ancestorTitles": [
            "Race.vue"
          ],
          "duration": 139,
          "failureMessages": [],
          "fullName": "Race.vue should display a race name and its ponies",
          "location": null,
          "numPassingAsserts": 0,
          "status": "passed",
          "title": "should display a race name and its ponies"
        }
      ],
      "skipped": false,
      "leaks": false
    },
    {
      "failureMessage": null,
      "numFailingTests": 0,
      "numPassingTests": 1,
      "numPendingTests": 0,
      "numTodoTests": 0,
      "perfStats": {
        "end": 1601612313532,
        "start": 1601612311254
      },
      "snapshot": {
        "added": 0,
        "fileDeleted": false,
        "matched": 0,
        "unchecked": 0,
        "unmatched": 0,
        "updated": 0,
        "uncheckedKeys": []
      },
      "testFilePath": "C:\\Users\\REMI-CHRISTINE\\effervsens\\vueNinja\\exercice0\\ponyracer\\tests\\unit\\utils\\FromNow.spec.ts",
      "testResults": [
        {
          "ancestorTitles": [
            "FromNow"
          ],
          "duration": 67,
          "failureMessages": [],
          "fullName": "FromNow should transform a date",
          "location": null,
          "numPassingAsserts": 0,
          "status": "passed",
          "title": "should transform a date"
        }
      ],
      "skipped": false,
      "leaks": false
    },
    {
      "failureMessage": null,
      "numFailingTests": 0,
      "numPassingTests": 2,
      "numPendingTests": 0,
      "numTodoTests": 0,
      "perfStats": {
        "end": 1601612314750,
        "start": 1601612305390
      },
      "snapshot": {
        "added": 0,
        "fileDeleted": false,
        "matched": 0,
        "unchecked": 0,
        "unmatched": 0,
        "updated": 0,
        "uncheckedKeys": []
      },
      "testFilePath": "C:\\Users\\REMI-CHRISTINE\\effervsens\\vueNinja\\exercice0\\ponyracer\\tests\\unit\\views\\Home.spec.ts",
      "testResults": [
        {
          "ancestorTitles": [
            "Home.vue"
          ],
          "duration": 111,
          "failureMessages": [],
          "fullName": "Home.vue should display every race name in a title",
          "location": null,
          "numPassingAsserts": 0,
          "status": "passed",
          "title": "should display every race name in a title"
        },
        {
          "ancestorTitles": [
            "Home.vue"
          ],
          "duration": 19,
          "failureMessages": [],
          "fullName": "Home.vue display a link to go the races",
          "location": null,
          "numPassingAsserts": 0,
          "status": "passed",
          "title": "display a link to go the races"
        }
      ],
      "skipped": false,
      "leaks": false
    }
  ],
  "wasInterrupted": false,
  "coverageMap": {
    "C:\\Users\\REMI-CHRISTINE\\effervsens\\vueNinja\\exercice0\\ponyracer\\src\\components\\Alert.vue": {
      "path": "C:\\Users\\REMI-CHRISTINE\\effervsens\\vueNinja\\exercice0\\ponyracer\\src\\components\\Alert.vue",
      "statementMap": {
        "0": {
          "start": {
            "line": 2,
            "column": 0
          },
          "end": {
            "line": 2,
            "column": null
          }
        },
        "1": {
          "start": {
            "line": 3,
            "column": 0
          },
          "end": {
            "line": 3,
            "column": null
          }
        },
        "2": {
          "start": {
            "line": 16,
            "column": 0
          },
          "end": {
            "line": 16,
            "column": null
          }
        },
        "3": {
          "start": {
            "line": 20,
            "column": 0
          },
          "end": {
            "line": 20,
            "column": null
          }
        },
        "4": {
          "start": {
            "line": 22,
            "column": 0
          },
          "end": {
            "line": 24,
            "column": null
          }
        },
        "5": {
          "start": {
            "line": 23,
            "column": 0
          },
          "end": {
            "line": 23,
            "column": null
          }
        },
        "6": {
          "start": {
            "line": 25,
            "column": 0
          },
          "end": {
            "line": 25,
            "column": null
          }
        }
      },
      "fnMap": {
        "0": {
          "name": "(anonymous_0)",
          "decl": {
            "start": {
              "line": 16,
              "column": 0
            },
            "end": {
              "line": 16,
              "column": null
            }
          },
          "loc": {
            "start": {
              "line": 16,
              "column": 0
            },
            "end": {
              "line": 16,
              "column": null
            }
          }
        },
        "1": {
          "name": "(anonymous_1)",
          "decl": {
            "start": {
              "line": 18,
              "column": 0
            },
            "end": {
              "line": 18,
              "column": null
            }
          },
          "loc": {
            "start": {
              "line": 18,
              "column": 0
            },
            "end": {
              "line": 29,
              "column": null
            }
          }
        },
        "2": {
          "name": "dismiss",
          "decl": {
            "start": {
              "line": 19,
              "column": 0
            },
            "end": {
              "line": 19,
              "column": null
            }
          },
          "loc": {
            "start": {
              "line": 19,
              "column": 0
            },
            "end": {
              "line": 21,
              "column": null
            }
          }
        },
        "3": {
          "name": "(anonymous_3)",
          "decl": {
            "start": {
              "line": 22,
              "column": 0
            },
            "end": {
              "line": 22,
              "column": null
            }
          },
          "loc": {
            "start": {
              "line": 22,
              "column": 0
            },
            "end": {
              "line": 24,
              "column": null
            }
          }
        }
      },
      "branchMap": {},
      "s": {
        "0": 2,
        "1": 2,
        "2": 1,
        "3": 1,
        "4": 3,
        "5": 4,
        "6": 3
      },
      "f": {
        "0": 1,
        "1": 3,
        "2": 1,
        "3": 4
      },
      "b": {}
    },
    "C:\\Users\\REMI-CHRISTINE\\effervsens\\vueNinja\\exercice0\\ponyracer\\src\\App.vue": {
      "path": "C:\\Users\\REMI-CHRISTINE\\effervsens\\vueNinja\\exercice0\\ponyracer\\src\\App.vue",
      "statementMap": {
        "0": {
          "start": {
            "line": 2,
            "column": 0
          },
          "end": {
            "line": 2,
            "column": null
          }
        },
        "1": {
          "start": {
            "line": 3,
            "column": 0
          },
          "end": {
            "line": 3,
            "column": null
          }
        },
        "2": {
          "start": {
            "line": 4,
            "column": 0
          },
          "end": {
            "line": 4,
            "column": null
          }
        },
        "3": {
          "start": {
            "line": 11,
            "column": 0
          },
          "end": {
            "line": 11,
            "column": null
          }
        },
        "4": {
          "start": {
            "line": 12,
            "column": 0
          },
          "end": {
            "line": 15,
            "column": null
          }
        },
        "5": {
          "start": {
            "line": 13,
            "column": 0
          },
          "end": {
            "line": 13,
            "column": null
          }
        },
        "6": {
          "start": {
            "line": 14,
            "column": 0
          },
          "end": {
            "line": 14,
            "column": null
          }
        },
        "7": {
          "start": {
            "line": 16,
            "column": 0
          },
          "end": {
            "line": 16,
            "column": null
          }
        }
      },
      "fnMap": {
        "0": {
          "name": "(anonymous_0)",
          "decl": {
            "start": {
              "line": 10,
              "column": 0
            },
            "end": {
              "line": 10,
              "column": null
            }
          },
          "loc": {
            "start": {
              "line": 10,
              "column": 0
            },
            "end": {
              "line": 17,
              "column": null
            }
          }
        },
        "1": {
          "name": "(anonymous_1)",
          "decl": {
            "start": {
              "line": 12,
              "column": 0
            },
            "end": {
              "line": 12,
              "column": null
            }
          },
          "loc": {
            "start": {
              "line": 12,
              "column": 0
            },
            "end": {
              "line": 15,
              "column": null
            }
          }
        }
      },
      "branchMap": {},
      "s": {
        "0": 1,
        "1": 1,
        "2": 1,
        "3": 3,
        "4": 3,
        "5": 2,
        "6": 2,
        "7": 3
      },
      "f": {
        "0": 3,
        "1": 2
      },
      "b": {}
    },
    "C:\\Users\\REMI-CHRISTINE\\effervsens\\vueNinja\\exercice0\\ponyracer\\src\\components\\Navbar.vue": {
      "path": "C:\\Users\\REMI-CHRISTINE\\effervsens\\vueNinja\\exercice0\\ponyracer\\src\\components\\Navbar.vue",
      "statementMap": {
        "0": {
          "start": {
            "line": 2,
            "column": 0
          },
          "end": {
            "line": 2,
            "column": null
          }
        },
        "1": {
          "start": {
            "line": 4,
            "column": 0
          },
          "end": {
            "line": 4,
            "column": null
          }
        },
        "2": {
          "start": {
            "line": 7,
            "column": 0
          },
          "end": {
            "line": 7,
            "column": null
          }
        },
        "3": {
          "start": {
            "line": 9,
            "column": 0
          },
          "end": {
            "line": 9,
            "column": null
          }
        },
        "4": {
          "start": {
            "line": 11,
            "column": 0
          },
          "end": {
            "line": 11,
            "column": null
          }
        }
      },
      "fnMap": {
        "0": {
          "name": "(anonymous_0)",
          "decl": {
            "start": {
              "line": 6,
              "column": 0
            },
            "end": {
              "line": 6,
              "column": null
            }
          },
          "loc": {
            "start": {
              "line": 6,
              "column": 0
            },
            "end": {
              "line": 12,
              "column": null
            }
          }
        },
        "1": {
          "name": "toggleNavbar",
          "decl": {
            "start": {
              "line": 8,
              "column": 0
            },
            "end": {
              "line": 8,
              "column": null
            }
          },
          "loc": {
            "start": {
              "line": 8,
              "column": 0
            },
            "end": {
              "line": 10,
              "column": null
            }
          }
        }
      },
      "branchMap": {},
      "s": {
        "0": 2,
        "1": 2,
        "2": 8,
        "3": 3,
        "4": 8
      },
      "f": {
        "0": 8,
        "1": 3
      },
      "b": {}
    },
    "C:\\Users\\REMI-CHRISTINE\\effervsens\\vueNinja\\exercice0\\ponyracer\\src\\views\\Races.vue": {
      "path": "C:\\Users\\REMI-CHRISTINE\\effervsens\\vueNinja\\exercice0\\ponyracer\\src\\views\\Races.vue",
      "statementMap": {
        "0": {
          "start": {
            "line": 2,
            "column": 0
          },
          "end": {
            "line": 2,
            "column": null
          }
        },
        "1": {
          "start": {
            "line": 4,
            "column": 0
          },
          "end": {
            "line": 4,
            "column": null
          }
        },
        "2": {
          "start": {
            "line": 5,
            "column": 0
          },
          "end": {
            "line": 5,
            "column": null
          }
        },
        "3": {
          "start": {
            "line": 7,
            "column": 0
          },
          "end": {
            "line": 7,
            "column": null
          }
        },
        "4": {
          "start": {
            "line": 15,
            "column": 0
          },
          "end": {
            "line": 15,
            "column": null
          }
        },
        "5": {
          "start": {
            "line": 16,
            "column": 0
          },
          "end": {
            "line": 16,
            "column": null
          }
        },
        "6": {
          "start": {
            "line": 17,
            "column": 0
          },
          "end": {
            "line": 17,
            "column": null
          }
        },
        "7": {
          "start": {
            "line": 18,
            "column": 0
          },
          "end": {
            "line": 18,
            "column": null
          }
        }
      },
      "fnMap": {
        "0": {
          "name": "(anonymous_0)",
          "decl": {
            "start": {
              "line": 14,
              "column": 0
            },
            "end": {
              "line": 14,
              "column": null
            }
          },
          "loc": {
            "start": {
              "line": 14,
              "column": 0
            },
            "end": {
              "line": 21,
              "column": null
            }
          }
        }
      },
      "branchMap": {},
      "s": {
        "0": 1,
        "1": 1,
        "2": 1,
        "3": 1,
        "4": 1,
        "5": 1,
        "6": 3,
        "7": 1
      },
      "f": {
        "0": 1
      },
      "b": {}
    },
    "C:\\Users\\REMI-CHRISTINE\\effervsens\\vueNinja\\exercice0\\ponyracer\\src\\components\\Race.vue": {
      "path": "C:\\Users\\REMI-CHRISTINE\\effervsens\\vueNinja\\exercice0\\ponyracer\\src\\components\\Race.vue",
      "statementMap": {
        "0": {
          "start": {
            "line": 2,
            "column": 0
          },
          "end": {
            "line": 2,
            "column": null
          }
        },
        "1": {
          "start": {
            "line": 4,
            "column": 0
          },
          "end": {
            "line": 4,
            "column": null
          }
        },
        "2": {
          "start": {
            "line": 5,
            "column": 0
          },
          "end": {
            "line": 5,
            "column": null
          }
        },
        "3": {
          "start": {
            "line": 7,
            "column": 0
          },
          "end": {
            "line": 7,
            "column": null
          }
        },
        "4": {
          "start": {
            "line": 19,
            "column": 0
          },
          "end": {
            "line": 19,
            "column": null
          }
        },
        "5": {
          "start": {
            "line": 20,
            "column": 0
          },
          "end": {
            "line": 20,
            "column": null
          }
        }
      },
      "fnMap": {
        "0": {
          "name": "(anonymous_0)",
          "decl": {
            "start": {
              "line": 18,
              "column": 0
            },
            "end": {
              "line": 18,
              "column": null
            }
          },
          "loc": {
            "start": {
              "line": 18,
              "column": 0
            },
            "end": {
              "line": 21,
              "column": null
            }
          }
        },
        "1": {
          "name": "(anonymous_1)",
          "decl": {
            "start": {
              "line": 19,
              "column": 0
            },
            "end": {
              "line": 19,
              "column": null
            }
          },
          "loc": {
            "start": {
              "line": 19,
              "column": 0
            },
            "end": {
              "line": 19,
              "column": null
            }
          }
        }
      },
      "branchMap": {},
      "s": {
        "0": 2,
        "1": 2,
        "2": 2,
        "3": 2,
        "4": 6,
        "5": 3
      },
      "f": {
        "0": 3,
        "1": 3
      },
      "b": {}
    },
    "C:\\Users\\REMI-CHRISTINE\\effervsens\\vueNinja\\exercice0\\ponyracer\\src\\components\\Pony.vue": {
      "path": "C:\\Users\\REMI-CHRISTINE\\effervsens\\vueNinja\\exercice0\\ponyracer\\src\\components\\Pony.vue",
      "statementMap": {
        "0": {
          "start": {
            "line": 2,
            "column": 0
          },
          "end": {
            "line": 2,
            "column": null
          }
        },
        "1": {
          "start": {
            "line": 4,
            "column": 0
          },
          "end": {
            "line": 4,
            "column": null
          }
        },
        "2": {
          "start": {
            "line": 15,
            "column": 0
          },
          "end": {
            "line": 15,
            "column": null
          }
        },
        "3": {
          "start": {
            "line": 19,
            "column": 0
          },
          "end": {
            "line": 21,
            "column": null
          }
        },
        "4": {
          "start": {
            "line": 20,
            "column": 0
          },
          "end": {
            "line": 20,
            "column": null
          }
        },
        "5": {
          "start": {
            "line": 23,
            "column": 0
          },
          "end": {
            "line": 23,
            "column": null
          }
        },
        "6": {
          "start": {
            "line": 25,
            "column": 0
          },
          "end": {
            "line": 25,
            "column": null
          }
        }
      },
      "fnMap": {
        "0": {
          "name": "(anonymous_0)",
          "decl": {
            "start": {
              "line": 15,
              "column": 0
            },
            "end": {
              "line": 15,
              "column": null
            }
          },
          "loc": {
            "start": {
              "line": 15,
              "column": 0
            },
            "end": {
              "line": 15,
              "column": null
            }
          }
        },
        "1": {
          "name": "(anonymous_1)",
          "decl": {
            "start": {
              "line": 18,
              "column": 0
            },
            "end": {
              "line": 18,
              "column": null
            }
          },
          "loc": {
            "start": {
              "line": 18,
              "column": 0
            },
            "end": {
              "line": 29,
              "column": null
            }
          }
        },
        "2": {
          "name": "(anonymous_2)",
          "decl": {
            "start": {
              "line": 19,
              "column": 0
            },
            "end": {
              "line": 19,
              "column": null
            }
          },
          "loc": {
            "start": {
              "line": 19,
              "column": 0
            },
            "end": {
              "line": 21,
              "column": null
            }
          }
        },
        "3": {
          "name": "clicked",
          "decl": {
            "start": {
              "line": 22,
              "column": 0
            },
            "end": {
              "line": 22,
              "column": null
            }
          },
          "loc": {
            "start": {
              "line": 22,
              "column": 0
            },
            "end": {
              "line": 24,
              "column": null
            }
          }
        }
      },
      "branchMap": {},
      "s": {
        "0": 3,
        "1": 3,
        "2": 1,
        "3": 7,
        "4": 7,
        "5": 1,
        "6": 7
      },
      "f": {
        "0": 1,
        "1": 7,
        "2": 7,
        "3": 1
      },
      "b": {}
    },
    "C:\\Users\\REMI-CHRISTINE\\effervsens\\vueNinja\\exercice0\\ponyracer\\src\\utils\\FromNow.ts": {
      "path": "C:\\Users\\REMI-CHRISTINE\\effervsens\\vueNinja\\exercice0\\ponyracer\\src\\utils\\FromNow.ts",
      "statementMap": {
        "0": {
          "start": {
            "line": 1,
            "column": 0
          },
          "end": {
            "line": 1,
            "column": 28
          }
        },
        "1": {
          "start": {
            "line": 4,
            "column": 2
          },
          "end": {
            "line": 4,
            "column": 42
          }
        },
        "2": {
          "start": {
            "line": 3,
            "column": 0
          },
          "end": {
            "line": 3,
            "column": 24
          }
        }
      },
      "fnMap": {
        "0": {
          "name": "fromNow",
          "decl": {
            "start": {
              "line": 3,
              "column": 24
            },
            "end": {
              "line": 3,
              "column": 31
            }
          },
          "loc": {
            "start": {
              "line": 3,
              "column": 54
            },
            "end": {
              "line": 5,
              "column": 1
            }
          }
        }
      },
      "branchMap": {},
      "s": {
        "0": 3,
        "1": 4,
        "2": 3
      },
      "f": {
        "0": 4
      },
      "b": {}
    },
    "C:\\Users\\REMI-CHRISTINE\\effervsens\\vueNinja\\exercice0\\ponyracer\\src\\composables\\RaceService.ts": {
      "path": "C:\\Users\\REMI-CHRISTINE\\effervsens\\vueNinja\\exercice0\\ponyracer\\src\\composables\\RaceService.ts",
      "statementMap": {
        "0": {
          "start": {
            "line": 3,
            "column": 0
          },
          "end": {
            "line": 3,
            "column": 26
          }
        },
        "1": {
          "start": {
            "line": 5,
            "column": 2
          },
          "end": {
            "line": 11,
            "column": 4
          }
        },
        "2": {
          "start": {
            "line": 7,
            "column": 12
          },
          "end": {
            "line": 7,
            "column": 43
          }
        },
        "3": {
          "start": {
            "line": 8,
            "column": 23
          },
          "end": {
            "line": 8,
            "column": null
          }
        },
        "4": {
          "start": {
            "line": 8,
            "column": 12
          },
          "end": {
            "line": 8,
            "column": null
          }
        },
        "5": {
          "start": {
            "line": 9,
            "column": 6
          },
          "end": {
            "line": 9,
            "column": 44
          }
        },
        "6": {
          "start": {
            "line": 4,
            "column": 0
          },
          "end": {
            "line": 4,
            "column": 16
          }
        }
      },
      "fnMap": {
        "0": {
          "name": "useRaceService",
          "decl": {
            "start": {
              "line": 4,
              "column": 16
            },
            "end": {
              "line": 4,
              "column": 30
            }
          },
          "loc": {
            "start": {
              "line": 4,
              "column": 30
            },
            "end": {
              "line": 12,
              "column": 1
            }
          }
        },
        "1": {
          "name": "(anonymous_1)",
          "decl": {
            "start": {
              "line": 6,
              "column": 4
            },
            "end": {
              "line": 6,
              "column": 10
            }
          },
          "loc": {
            "start": {
              "line": 6,
              "column": 4
            },
            "end": {
              "line": 10,
              "column": null
            }
          }
        }
      },
      "branchMap": {},
      "s": {
        "0": 1,
        "1": 1,
        "2": 1,
        "3": 1,
        "4": 1,
        "5": 1,
        "6": 1
      },
      "f": {
        "0": 1,
        "1": 1
      },
      "b": {}
    },
    "C:\\Users\\REMI-CHRISTINE\\effervsens\\vueNinja\\exercice0\\ponyracer\\src\\views\\Home.vue": {
      "path": "C:\\Users\\REMI-CHRISTINE\\effervsens\\vueNinja\\exercice0\\ponyracer\\src\\views\\Home.vue",
      "statementMap": {
        "0": {
          "start": {
            "line": 2,
            "column": 0
          },
          "end": {
            "line": 2,
            "column": null
          }
        },
        "1": {
          "start": {
            "line": 3,
            "column": 0
          },
          "end": {
            "line": 3,
            "column": null
          }
        }
      },
      "fnMap": {},
      "branchMap": {},
      "s": {
        "0": 1,
        "1": 1
      },
      "f": {},
      "b": {}
    }
  }
}