TN:
SF:C:\Users\REMI-CHRISTINE\effervsens\vueNinja\exercice0\ponyracer\src\App.vue
FN:10,(anonymous_0)
FN:12,(anonymous_1)
FNF:2
FNH:2
FNDA:3,(anonymous_0)
FNDA:2,(anonymous_1)
DA:2,1
DA:3,1
DA:4,1
DA:11,3
DA:12,3
DA:13,2
DA:14,2
DA:16,3
LF:8
LH:8
BRF:0
BRH:0
end_of_record
TN:
SF:C:\Users\REMI-CHRISTINE\effervsens\vueNinja\exercice0\ponyracer\src\components\Alert.vue
FN:16,(anonymous_0)
FN:18,(anonymous_1)
FN:19,dismiss
FN:22,(anonymous_3)
FNF:4
FNH:4
FNDA:1,(anonymous_0)
FNDA:3,(anonymous_1)
FNDA:1,dismiss
FNDA:4,(anonymous_3)
DA:2,2
DA:3,2
DA:16,1
DA:20,1
DA:22,3
DA:23,4
DA:25,3
LF:7
LH:7
BRF:0
BRH:0
end_of_record
TN:
SF:C:\Users\REMI-CHRISTINE\effervsens\vueNinja\exercice0\ponyracer\src\components\Navbar.vue
FN:6,(anonymous_0)
FN:8,toggleNavbar
FNF:2
FNH:2
FNDA:8,(anonymous_0)
FNDA:3,toggleNavbar
DA:2,2
DA:4,2
DA:7,8
DA:9,3
DA:11,8
LF:5
LH:5
BRF:0
BRH:0
end_of_record
TN:
SF:C:\Users\REMI-CHRISTINE\effervsens\vueNinja\exercice0\ponyracer\src\components\Pony.vue
FN:15,(anonymous_0)
FN:18,(anonymous_1)
FN:19,(anonymous_2)
FN:22,clicked
FNF:4
FNH:4
FNDA:1,(anonymous_0)
FNDA:7,(anonymous_1)
FNDA:7,(anonymous_2)
FNDA:1,clicked
DA:2,3
DA:4,3
DA:15,1
DA:19,7
DA:20,7
DA:23,1
DA:25,7
LF:7
LH:7
BRF:0
BRH:0
end_of_record
TN:
SF:C:\Users\REMI-CHRISTINE\effervsens\vueNinja\exercice0\ponyracer\src\components\Race.vue
FN:18,(anonymous_0)
FN:19,(anonymous_1)
FNF:2
FNH:2
FNDA:3,(anonymous_0)
FNDA:3,(anonymous_1)
DA:2,2
DA:4,2
DA:5,2
DA:7,2
DA:19,6
DA:20,3
LF:6
LH:6
BRF:0
BRH:0
end_of_record
TN:
SF:C:\Users\REMI-CHRISTINE\effervsens\vueNinja\exercice0\ponyracer\src\composables\RaceService.ts
FN:4,useRaceService
FN:6,(anonymous_1)
FNF:2
FNH:2
FNDA:1,useRaceService
FNDA:1,(anonymous_1)
DA:3,1
DA:4,1
DA:5,1
DA:7,1
DA:8,1
DA:9,1
LF:6
LH:6
BRF:0
BRH:0
end_of_record
TN:
SF:C:\Users\REMI-CHRISTINE\effervsens\vueNinja\exercice0\ponyracer\src\utils\FromNow.ts
FN:3,fromNow
FNF:1
FNH:1
FNDA:4,fromNow
DA:1,3
DA:3,3
DA:4,4
LF:3
LH:3
BRF:0
BRH:0
end_of_record
TN:
SF:C:\Users\REMI-CHRISTINE\effervsens\vueNinja\exercice0\ponyracer\src\views\Home.vue
FNF:0
FNH:0
DA:2,1
DA:3,1
LF:2
LH:2
BRF:0
BRH:0
end_of_record
TN:
SF:C:\Users\REMI-CHRISTINE\effervsens\vueNinja\exercice0\ponyracer\src\views\Races.vue
FN:14,(anonymous_0)
FNF:1
FNH:1
FNDA:1,(anonymous_0)
DA:2,1
DA:4,1
DA:5,1
DA:7,1
DA:15,1
DA:16,1
DA:17,3
DA:18,1
LF:8
LH:8
BRF:0
BRH:0
end_of_record
