TN:
SF:C:\Users\Utilisateur\effervsens\vue-ninja\src\App.vue
FN:10,(anonymous_0)
FN:12,(anonymous_1)
FNF:2
FNH:2
FNDA:3,(anonymous_0)
FNDA:2,(anonymous_1)
DA:2,1
DA:3,1
DA:4,1
DA:11,3
DA:12,3
DA:13,2
DA:14,2
DA:16,3
LF:8
LH:8
BRF:0
BRH:0
end_of_record
TN:
SF:C:\Users\Utilisateur\effervsens\vue-ninja\src\components\Alert.vue
FN:16,(anonymous_0)
FN:18,(anonymous_1)
FN:19,dismiss
FN:22,(anonymous_3)
FNF:4
FNH:4
FNDA:2,(anonymous_0)
FNDA:4,(anonymous_1)
FNDA:2,dismiss
FNDA:5,(anonymous_3)
DA:2,3
DA:3,3
DA:16,2
DA:20,2
DA:22,4
DA:23,5
DA:25,4
LF:7
LH:7
BRF:0
BRH:0
end_of_record
TN:
SF:C:\Users\Utilisateur\effervsens\vue-ninja\src\components\Navbar.vue
FN:6,(anonymous_0)
FN:8,toggleNavbar
FNF:2
FNH:2
FNDA:8,(anonymous_0)
FNDA:3,toggleNavbar
DA:2,2
DA:4,2
DA:7,8
DA:9,3
DA:11,8
LF:5
LH:5
BRF:0
BRH:0
end_of_record
TN:
SF:C:\Users\Utilisateur\effervsens\vue-ninja\src\components\Pony.vue
FN:15,(anonymous_0)
FN:18,(anonymous_1)
FN:19,(anonymous_2)
FN:22,clicked
FNF:4
FNH:4
FNDA:1,(anonymous_0)
FNDA:7,(anonymous_1)
FNDA:7,(anonymous_2)
FNDA:1,clicked
DA:2,3
DA:4,3
DA:15,1
DA:19,7
DA:20,7
DA:23,1
DA:25,7
LF:7
LH:7
BRF:0
BRH:0
end_of_record
TN:
SF:C:\Users\Utilisateur\effervsens\vue-ninja\src\components\Race.vue
FN:18,(anonymous_0)
FN:19,(anonymous_1)
FNF:2
FNH:2
FNDA:3,(anonymous_0)
FNDA:3,(anonymous_1)
DA:2,2
DA:4,2
DA:5,2
DA:7,2
DA:19,6
DA:20,3
LF:6
LH:6
BRF:0
BRH:0
end_of_record
TN:
SF:C:\Users\Utilisateur\effervsens\vue-ninja\src\composables\RaceService.ts
FN:4,useRaceService
FN:6,(anonymous_1)
FNF:2
FNH:2
FNDA:1,useRaceService
FNDA:1,(anonymous_1)
DA:2,1
DA:4,1
DA:5,1
DA:7,1
DA:8,1
DA:9,1
LF:6
LH:6
BRF:0
BRH:0
end_of_record
TN:
SF:C:\Users\Utilisateur\effervsens\vue-ninja\src\composables\UserService.ts
FN:4,useUserService
FN:6,(anonymous_1)
FNF:2
FNH:2
FNDA:1,useUserService
FNDA:1,(anonymous_1)
DA:2,1
DA:4,1
DA:5,1
DA:7,1
DA:8,1
LF:5
LH:5
BRDA:7,0,0,1
BRF:1
BRH:1
end_of_record
TN:
SF:C:\Users\Utilisateur\effervsens\vue-ninja\src\utils\FromNow.ts
FN:3,fromNow
FNF:1
FNH:1
FNDA:4,fromNow
DA:1,3
DA:3,3
DA:4,4
LF:3
LH:3
BRF:0
BRH:0
end_of_record
TN:
SF:C:\Users\Utilisateur\effervsens\vue-ninja\src\views\Home.vue
FNF:0
FNH:0
DA:2,1
DA:3,1
LF:2
LH:2
BRF:0
BRH:0
end_of_record
TN:
SF:C:\Users\Utilisateur\effervsens\vue-ninja\src\views\Races.vue
FN:14,(anonymous_0)
FNF:1
FNH:1
FNDA:1,(anonymous_0)
DA:2,1
DA:4,1
DA:5,1
DA:7,1
DA:15,1
DA:16,1
DA:17,3
DA:18,1
LF:8
LH:8
BRF:0
BRH:0
end_of_record
TN:
SF:C:\Users\Utilisateur\effervsens\vue-ninja\src\views\Register.vue
FN:8,(anonymous_0)
FN:15,(anonymous_1)
FN:40,register
FNF:3
FNH:3
FNDA:9,(anonymous_0)
FNDA:20,(anonymous_1)
FNDA:2,register
DA:3,1
DA:4,1
DA:5,1
DA:6,1
DA:9,9
DA:15,9
DA:16,20
DA:18,20
DA:19,17
DA:21,20
DA:22,17
DA:24,20
DA:25,2
DA:27,20
DA:30,9
DA:36,9
DA:37,9
DA:38,9
DA:42,4
DA:43,1
DA:45,1
DA:49,9
LF:22
LH:22
BRDA:18,0,0,17
BRDA:18,0,1,3
BRDA:21,1,0,17
BRDA:21,1,1,3
BRDA:24,2,0,2
BRDA:24,2,1,18
BRF:6
BRH:6
end_of_record
